An error occurred while executing the following cell:
------------------
# Based on https://github.com/probml/pmtk3/blob/master/demos/NIXdemo2.m
# Converted by John Fearns - jdf22@infradead.org
# Compare some Normal Inverse Chi Squared Distributions

import os
import numpy as np
import matplotlib.pyplot as plt
from scipy.stats import norm
from scipy.stats import invgamma
from mpl_toolkits.mplot3d import Axes3D
from matplotlib import cm

try:
    import probml_utils as pml
except ModuleNotFoundError:
    %pip install -qq git+https://github.com/probml/probml-utils.git
    import probml_utils as pml
------------------

---------------------------------------------------------------------------
ModuleNotFoundError                       Traceback (most recent call last)
/tmp/ipykernel_3306/366012820.py in <module>
     13 try:
---> 14     import probml_utils as pml
     15 except ModuleNotFoundError:

ModuleNotFoundError: No module named 'probml_utils'

During handling of the above exception, another exception occurred:

ModuleNotFoundError                       Traceback (most recent call last)
/tmp/ipykernel_3306/366012820.py in <module>
     15 except ModuleNotFoundError:
     16     get_ipython().run_line_magic('pip', 'install -qq git+https://github.com/probml/probml-utils.git')
---> 17     import probml_utils as pml

ModuleNotFoundError: No module named 'probml_utils'
ModuleNotFoundError: No module named 'probml_utils'
