An error occurred while executing the following cell:
------------------
%matplotlib inline

from functools import partial

import matplotlib.pyplot as plt

try:
    import optax
except ModuleNotFoundError:
    %pip install -qq optax
    import optax
import jax
import jax.numpy as jnp
from jax import jit
from jax.nn.initializers import glorot_normal

try:
    import flax
except ModuleNotFoundError:
    %pip install -qq flax
    import flax
import flax.linen as nn
from flax.training import train_state
------------------

---------------------------------------------------------------------------
ModuleNotFoundError                       Traceback (most recent call last)
/tmp/ipykernel_4197/366079681.py in <module>
     17 try:
---> 18     import flax
     19 except ModuleNotFoundError:

~/miniconda3/envs/py37/lib/python3.7/site-packages/flax/__init__.py in <module>
     18 from . import core as core
---> 19 from . import linen as linen
     20 from . import optim as optim

~/miniconda3/envs/py37/lib/python3.7/site-packages/flax/linen/__init__.py in <module>
     19 # re-export commonly used modules and functions
---> 20 from .activation import (
     21   PReLU as PReLU,

~/miniconda3/envs/py37/lib/python3.7/site-packages/flax/linen/activation.py in <module>
     21 
---> 22 from flax.linen.module import compact
     23 from flax.linen.module import Module

~/miniconda3/envs/py37/lib/python3.7/site-packages/flax/linen/module.py in <module>
     38     union_filters)
---> 39 from flax.linen import summary
     40 

~/miniconda3/envs/py37/lib/python3.7/site-packages/flax/linen/summary.py in <module>
     25 import rich.text
---> 26 import yaml
     27 

ModuleNotFoundError: No module named 'yaml'

During handling of the above exception, another exception occurred:

ModuleNotFoundError                       Traceback (most recent call last)
/tmp/ipykernel_4197/366079681.py in <module>
     19 except ModuleNotFoundError:
     20     get_ipython().run_line_magic('pip', 'install -qq flax')
---> 21     import flax
     22 import flax.linen as nn
     23 from flax.training import train_state

~/miniconda3/envs/py37/lib/python3.7/site-packages/flax/__init__.py in <module>
     17 
     18 from . import core as core
---> 19 from . import linen as linen
     20 from . import optim as optim
     21 # DO NOT REMOVE - Marker for internal deprecated API.

~/miniconda3/envs/py37/lib/python3.7/site-packages/flax/linen/__init__.py in <module>
     18 # pylint: disable=g-multiple-import
     19 # re-export commonly used modules and functions
---> 20 from .activation import (
     21   PReLU as PReLU,
     22   celu as celu,

~/miniconda3/envs/py37/lib/python3.7/site-packages/flax/linen/activation.py in <module>
     20 from typing import Any, Optional
     21 
---> 22 from flax.linen.module import compact
     23 from flax.linen.module import Module
     24 

~/miniconda3/envs/py37/lib/python3.7/site-packages/flax/linen/module.py in <module>
     37     CollectionFilter, DenyList, FrozenVariableDict, Variable, VariableDict,
     38     union_filters)
---> 39 from flax.linen import summary
     40 
     41 

~/miniconda3/envs/py37/lib/python3.7/site-packages/flax/linen/summary.py in <module>
     24 import rich.table
     25 import rich.text
---> 26 import yaml
     27 
     28 PRNGKey = Any  # pylint: disable=invalid-name

ModuleNotFoundError: No module named 'yaml'
ModuleNotFoundError: No module named 'yaml'
